Using pre-set license
Built from '2021.3/release' branch; Version is '2021.3.12f1 (8af3c3e441b1) revision 9106371'; Using compiler version '192829333'; Build Type 'Release'
OS: 'Windows 10  (10.0.19042) 64bit Professional' Language: 'ru' Physical Memory: 4001 MB
BatchMode: 1, IsHumanControllingUs: 0, StartBugReporterOnCrash: 0, Is64bit: 1, IsPro: 1

COMMAND LINE ARGUMENTS:
C:\Program Files\Unity\Hub\Editor\2021.3.12f1\Editor\Unity.exe
-adb2
-batchMode
-noUpm
-name
AssetImportWorker6
-projectPath
C:/Users/1/Documents/GitHub/UnityWebglResponsiveTemplate
-logFile
Logs/AssetImportWorker6.log
-srvPort
49676
Successfully changed project path to: C:/Users/1/Documents/GitHub/UnityWebglResponsiveTemplate
C:/Users/1/Documents/GitHub/UnityWebglResponsiveTemplate
[UnityMemory] Configuration Parameters - Can be set up in boot.config
    "memorysetup-bucket-allocator-granularity=16"
    "memorysetup-bucket-allocator-bucket-count=8"
    "memorysetup-bucket-allocator-block-size=33554432"
    "memorysetup-bucket-allocator-block-count=8"
    "memorysetup-main-allocator-block-size=16777216"
    "memorysetup-thread-allocator-block-size=16777216"
    "memorysetup-gfx-main-allocator-block-size=16777216"
    "memorysetup-gfx-thread-allocator-block-size=16777216"
    "memorysetup-cache-allocator-block-size=4194304"
    "memorysetup-typetree-allocator-block-size=2097152"
    "memorysetup-profiler-bucket-allocator-granularity=16"
    "memorysetup-profiler-bucket-allocator-bucket-count=8"
    "memorysetup-profiler-bucket-allocator-block-size=33554432"
    "memorysetup-profiler-bucket-allocator-block-count=8"
    "memorysetup-profiler-allocator-block-size=16777216"
    "memorysetup-profiler-editor-allocator-block-size=1048576"
    "memorysetup-temp-allocator-size-main=16777216"
    "memorysetup-job-temp-allocator-block-size=2097152"
    "memorysetup-job-temp-allocator-block-size-background=1048576"
    "memorysetup-job-temp-allocator-reduction-small-platforms=262144"
    "memorysetup-temp-allocator-size-background-worker=32768"
    "memorysetup-temp-allocator-size-job-worker=262144"
    "memorysetup-temp-allocator-size-preload-manager=33554432"
    "memorysetup-temp-allocator-size-nav-mesh-worker=65536"
    "memorysetup-temp-allocator-size-audio-worker=65536"
    "memorysetup-temp-allocator-size-cloud-worker=32768"
    "memorysetup-temp-allocator-size-gi-baking-worker=262144"
    "memorysetup-temp-allocator-size-gfx=262144"
Refreshing native plugins compatible for Editor in 502.18 ms, found 2 plugins.
Preloading 0 native plugins for Editor in 0.00 ms.
Initialize engine version: 2021.3.12f1 (8af3c3e441b1)
[Subsystems] Discovering subsystems at path C:/Program Files/Unity/Hub/Editor/2021.3.12f1/Editor/Data/Resources/UnitySubsystems
[Subsystems] Discovering subsystems at path C:/Users/1/Documents/GitHub/UnityWebglResponsiveTemplate/Assets
GfxDevice: creating device client; threaded=0; jobified=0
Direct3D:
    Version:  Direct3D 11.0 [level 11.1]
    Renderer: Intel(R) HD Graphics (ID=0x22b1)
    Vendor:   Intel
    VRAM:     2000 MB
    Driver:   20.19.15.4568
Initialize mono
Mono path[0] = 'C:/Program Files/Unity/Hub/Editor/2021.3.12f1/Editor/Data/Managed'
Mono path[1] = 'C:/Program Files/Unity/Hub/Editor/2021.3.12f1/Editor/Data/MonoBleedingEdge/lib/mono/unityjit-win32'
Mono config path = 'C:/Program Files/Unity/Hub/Editor/2021.3.12f1/Editor/Data/MonoBleedingEdge/etc'
Using monoOptions --debugger-agent=transport=dt_socket,embedding=1,server=y,suspend=n,address=127.0.0.1:56848
Begin MonoManager ReloadAssembly
Registering precompiled unity dll's ...
Register platform support module: C:/Program Files/Unity/Hub/Editor/2021.3.12f1/Editor/Data/PlaybackEngines/WebGLSupport/UnityEditor.WebGL.Extensions.dll
Register platform support module: C:/Program Files/Unity/Hub/Editor/2021.3.12f1/Editor/Data/PlaybackEngines/AndroidPlayer/UnityEditor.Android.Extensions.dll
Register platform support module: C:/Program Files/Unity/Hub/Editor/2021.3.12f1/Editor/Data/PlaybackEngines/WindowsStandaloneSupport/UnityEditor.WindowsStandalone.Extensions.dll
Registered in 0.030819 seconds.
Native extension for WindowsStandalone target not found
Native extension for Android target not found
Native extension for WebGL target not found
Refreshing native plugins compatible for Editor in 337.54 ms, found 2 plugins.
Preloading 0 native plugins for Editor in 0.00 ms.
Mono: successfully reloaded assembly
- Completed reload, in  3.394 seconds
Domain Reload Profiling:
	ReloadAssembly (3396ms)
		BeginReloadAssembly (332ms)
			ExecutionOrderSort (0ms)
			DisableScriptedObjects (0ms)
			BackupInstance (0ms)
			ReleaseScriptingObjects (0ms)
			CreateAndSetChildDomain (3ms)
		EndReloadAssembly (2527ms)
			LoadAssemblies (327ms)
			RebuildTransferFunctionScriptingTraits (1ms)
			SetupTypeCache (567ms)
			ReleaseScriptCaches (0ms)
			RebuildScriptCaches (144ms)
			SetupLoadedEditorAssemblies (1571ms)
				LogAssemblyErrors (0ms)
				InitializePlatformSupportModulesInManaged (290ms)
				SetLoadedEditorAssemblies (1ms)
				RefreshPlugins (338ms)
				BeforeProcessingInitializeOnLoad (5ms)
				ProcessInitializeOnLoadAttributes (649ms)
				ProcessInitializeOnLoadMethodAttributes (288ms)
				AfterProcessingInitializeOnLoad (0ms)
				EditorAssembliesLoaded (1ms)
			ExecutionOrderSort2 (0ms)
			AwakeInstancesAfterBackupRestoration (0ms)
Platform modules already initialized, skipping
Registering precompiled user dll's ...
Registered in 0.022468 seconds.
Begin MonoManager ReloadAssembly
Android Extension - Scanning For ADB Devices 7127 ms
Symbol file LoadedFromMemory is not a mono symbol file
Native extension for WindowsStandalone target not found
Native extension for Android target not found
Native extension for WebGL target not found
Refreshing native plugins compatible for Editor in 342.02 ms, found 2 plugins.
Preloading 0 native plugins for Editor in 0.00 ms.
Mono: successfully reloaded assembly
- Completed reload, in  6.159 seconds
Domain Reload Profiling:
	ReloadAssembly (6165ms)
		BeginReloadAssembly (549ms)
			ExecutionOrderSort (0ms)
			DisableScriptedObjects (34ms)
			BackupInstance (0ms)
			ReleaseScriptingObjects (1ms)
			CreateAndSetChildDomain (82ms)
		EndReloadAssembly (5048ms)
			LoadAssemblies (405ms)
			RebuildTransferFunctionScriptingTraits (0ms)
			SetupTypeCache (1559ms)
			ReleaseScriptCaches (2ms)
			RebuildScriptCaches (396ms)
			SetupLoadedEditorAssemblies (2485ms)
				LogAssemblyErrors (0ms)
				InitializePlatformSupportModulesInManaged (67ms)
				SetLoadedEditorAssemblies (1ms)
				RefreshPlugins (342ms)
				BeforeProcessingInitializeOnLoad (453ms)
				ProcessInitializeOnLoadAttributes (1409ms)
				ProcessInitializeOnLoadMethodAttributes (184ms)
				AfterProcessingInitializeOnLoad (27ms)
				EditorAssembliesLoaded (1ms)
			ExecutionOrderSort2 (0ms)
			AwakeInstancesAfterBackupRestoration (23ms)
Platform modules already initialized, skipping
========================================================================
Worker process is ready to serve import requests
Launched and connected shader compiler UnityShaderCompiler.exe after 0.16 seconds
Refreshing native plugins compatible for Editor in 26.07 ms, found 2 plugins.
Preloading 0 native plugins for Editor in 0.00 ms.
Unloading 3068 Unused Serialized files (Serialized files now loaded: 0)
Unloading 48 unused Assets / (1.7 MB). Loaded Objects now: 3553.
Memory consumption went from 159.2 MB to 157.5 MB.
Total: 33.014600 ms (FindLiveObjects: 2.104600 ms CreateObjectMapping: 2.850700 ms MarkObjects: 22.541500 ms  DeleteObjects: 5.504200 ms)

AssetImportParameters requested are different than current active one (requested -> active):
  custom:video-decoder-ogg-theora: a1e56fd34408186e4bbccfd4996cb3dc -> 
  custom:container-muxer-webm: aa71ff27fc2769a1b78a27578f13a17b -> 
  custom:container-demuxer-webm: 4f35f7cbe854078d1ac9338744f61a02 -> 
  custom:video-encoder-webm-vp8: eb34c28f22e8b96e1ab97ce403110664 -> 
  custom:audio-encoder-webm-vorbis: bf7c407c2cedff20999df2af8eb42d56 -> 
  custom:framework-win-MediaFoundation: 216162199b28c13a410421893ffa2e32 -> 
  custom:container-demuxer-ogg: 62fdf1f143b41e24485cea50d1cbac27 -> 
  custom:video-decoder-webm-vp8: 9c59270c3fd7afecdb556c50c9e8de78 -> 
  custom:audio-decoder-ogg-vorbis: bf7c407c2cedff20999df2af8eb42d56 -> 
========================================================================
Received Import Request.
  Time since last request: 17283.822705 seconds.
  path: Assets/Prefabs/obstacle (4) Variant.prefab
  artifactKey: Guid(42a7b867069d92c4cb9ef53c055535bb) Importer(815301076,1909f56bfc062723c751e8b465ee728b)
Start importing Assets/Prefabs/obstacle (4) Variant.prefab using Guid(42a7b867069d92c4cb9ef53c055535bb) Importer(815301076,1909f56bfc062723c751e8b465ee728b)  -> (artifact id: '713463fedaaba2cc86e6ef50082acca3') in 1.096465 seconds 
========================================================================
Received Import Request.
  Time since last request: 1597.266819 seconds.
  path: Assets/TileMapEditor/Scene/TileMapEditorStaging.unity
  artifactKey: Guid(027c7650164d98447a09e154ca1aeeb0) Importer(815301076,1909f56bfc062723c751e8b465ee728b)
Start importing Assets/TileMapEditor/Scene/TileMapEditorStaging.unity using Guid(027c7650164d98447a09e154ca1aeeb0) Importer(815301076,1909f56bfc062723c751e8b465ee728b)  -> (artifact id: '5f4f677d9f6bf23389b53ae8581b0a42') in 0.015564 seconds 
========================================================================
Received Import Request.
  Time since last request: 13.152095 seconds.
  path: Assets/TileMapEditor
  artifactKey: Guid(63e04490a88478643b736852fa0bd549) Importer(815301076,1909f56bfc062723c751e8b465ee728b)
Start importing Assets/TileMapEditor using Guid(63e04490a88478643b736852fa0bd549) Importer(815301076,1909f56bfc062723c751e8b465ee728b)  -> (artifact id: '00af8d742ed572ca07c3dfba719f5a10') in 0.017440 seconds 
========================================================================
Received Import Request.
  Time since last request: 1.846707 seconds.
  path: Assets/TileMapEditor/Scene
  artifactKey: Guid(f851b0f32deb6054a9a211603e9ac332) Importer(815301076,1909f56bfc062723c751e8b465ee728b)
Start importing Assets/TileMapEditor/Scene using Guid(f851b0f32deb6054a9a211603e9ac332) Importer(815301076,1909f56bfc062723c751e8b465ee728b)  -> (artifact id: '752b59b8b553c4b624981242c378b9db') in 0.026740 seconds 
========================================================================
Received Import Request.
  Time since last request: 43.564709 seconds.
  path: Assets/TileMapEditor/Scene/TileMapEditorStagingSettings.lighting
  artifactKey: Guid(0e4c6f7bf17dd7a4ca0f8742d12f0c07) Importer(815301076,1909f56bfc062723c751e8b465ee728b)
Start importing Assets/TileMapEditor/Scene/TileMapEditorStagingSettings.lighting using Guid(0e4c6f7bf17dd7a4ca0f8742d12f0c07) Importer(815301076,1909f56bfc062723c751e8b465ee728b) LightingSettings: switching bake backend from 1 to 0.
 -> (artifact id: 'b865d6d188d02161851b977827555201') in 0.023229 seconds 
========================================================================
Received Import Request.
  Time since last request: 189.882440 seconds.
  path: Assets/Scenes/PokemonCharmander Variant.prefab
  artifactKey: Guid(7c0e20ca7932f1f4a80a3705f26f81a0) Importer(815301076,1909f56bfc062723c751e8b465ee728b)
Start importing Assets/Scenes/PokemonCharmander Variant.prefab using Guid(7c0e20ca7932f1f4a80a3705f26f81a0) Importer(815301076,1909f56bfc062723c751e8b465ee728b)  -> (artifact id: '12b0fef0f86bbe281a57340bc3d308ba') in 0.547255 seconds 
========================================================================
Received Import Request.
  Time since last request: 4.458361 seconds.
  path: Assets/Scenes/GamePlayScene.unity
  artifactKey: Guid(ac7b85cfb0099f64c99951d055d3dff6) Importer(815301076,1909f56bfc062723c751e8b465ee728b)
Start importing Assets/Scenes/GamePlayScene.unity using Guid(ac7b85cfb0099f64c99951d055d3dff6) Importer(815301076,1909f56bfc062723c751e8b465ee728b)  -> (artifact id: '0becb17323fefc7cba5b6edd50c67a5d') in 0.253865 seconds 
========================================================================
Received Import Request.
  Time since last request: 634.684546 seconds.
  path: Assets/AllIn1VfxToolkit/Demo & Assets/Demo/Materials/GunImpactFlare.mat
  artifactKey: Guid(9afe3a3ddb0db2642accad446fc2a398) Importer(815301076,1909f56bfc062723c751e8b465ee728b)
Start importing Assets/AllIn1VfxToolkit/Demo & Assets/Demo/Materials/GunImpactFlare.mat using Guid(9afe3a3ddb0db2642accad446fc2a398) Importer(815301076,1909f56bfc062723c751e8b465ee728b)  -> (artifact id: 'c27a3aaa0e57feeb61c56118ce164f78') in 2.631281 seconds 
========================================================================
Received Import Request.
  Time since last request: 0.018087 seconds.
  path: Assets/Sounds/FX/8BitSounds (Non-Attribution Commercial Use)/Movement/Footsteps/sfx_movement_footstepsloop4_slow.wav
  artifactKey: Guid(ae852dd1aa6a342ef9cddec6d3413205) Importer(815301076,1909f56bfc062723c751e8b465ee728b)
Start importing Assets/Sounds/FX/8BitSounds (Non-Attribution Commercial Use)/Movement/Footsteps/sfx_movement_footstepsloop4_slow.wav using Guid(ae852dd1aa6a342ef9cddec6d3413205) Importer(815301076,1909f56bfc062723c751e8b465ee728b)  -> (artifact id: '283218694dea528de5024bd029a54e2d') in 1.249470 seconds 
========================================================================
Received Import Request.
  Time since last request: 0.001200 seconds.
  path: Assets/Sounds/FX/8BitSounds (Non-Attribution Commercial Use)/General Sounds/Menu Sounds/sfx_menu_move4.wav
  artifactKey: Guid(f9a3cd847710449c4b51f7456b5d9419) Importer(815301076,1909f56bfc062723c751e8b465ee728b)
Start importing Assets/Sounds/FX/8BitSounds (Non-Attribution Commercial Use)/General Sounds/Menu Sounds/sfx_menu_move4.wav using Guid(f9a3cd847710449c4b51f7456b5d9419) Importer(815301076,1909f56bfc062723c751e8b465ee728b)  -> (artifact id: '67954a3b6ad5d4ac4c92c54931996eed') in 0.174447 seconds 
========================================================================
Received Import Request.
  Time since last request: 0.000149 seconds.
  path: Assets/Sounds/FX/8BitSounds (Non-Attribution Commercial Use)/Movement/Footsteps/sfx_movement_footstepsloop4_fast.wav
  artifactKey: Guid(3fb1a2192e7e94a7a82e36c2cc5511df) Importer(815301076,1909f56bfc062723c751e8b465ee728b)
Start importing Assets/Sounds/FX/8BitSounds (Non-Attribution Commercial Use)/Movement/Footsteps/sfx_movement_footstepsloop4_fast.wav using Guid(3fb1a2192e7e94a7a82e36c2cc5511df) Importer(815301076,1909f56bfc062723c751e8b465ee728b)  -> (artifact id: '8963d912590f906c6c3736c6a810eed3') in 0.186439 seconds 
========================================================================
Received Import Request.
  Time since last request: 0.000695 seconds.
  path: Assets/Sounds/FX/8BitSounds (Non-Attribution Commercial Use)/Movement/Opening Doors/sfx_movement_dooropen3.wav
  artifactKey: Guid(0ac73b37ef23642f696bc2dd18e03f53) Importer(815301076,1909f56bfc062723c751e8b465ee728b)
Start importing Assets/Sounds/FX/8BitSounds (Non-Attribution Commercial Use)/Movement/Opening Doors/sfx_movement_dooropen3.wav using Guid(0ac73b37ef23642f696bc2dd18e03f53) Importer(815301076,1909f56bfc062723c751e8b465ee728b)  -> (artifact id: '9cc8dfa110520c3d7321dd3e4d033357') in 0.077988 seconds 
========================================================================
Received Import Request.
  Time since last request: 0.000209 seconds.
  path: Assets/AllIn1VfxToolkit/Demo & Assets/Demo/Materials/7_Aura_1.mat
  artifactKey: Guid(0735650073502944180fbac99aabae32) Importer(815301076,1909f56bfc062723c751e8b465ee728b)
Start importing Assets/AllIn1VfxToolkit/Demo & Assets/Demo/Materials/7_Aura_1.mat using Guid(0735650073502944180fbac99aabae32) Importer(815301076,1909f56bfc062723c751e8b465ee728b)  -> (artifact id: '92681446001cb2fc58d502673e361074') in 0.205683 seconds 
========================================================================
Received Import Request.
  Time since last request: 0.002234 seconds.
  path: Assets/AllIn1VfxToolkit/Demo & Assets/Demo/Materials/EmberSparks.mat
  artifactKey: Guid(683dbcbe70b69a946ab99dc6641d1c0b) Importer(815301076,1909f56bfc062723c751e8b465ee728b)
Start importing Assets/AllIn1VfxToolkit/Demo & Assets/Demo/Materials/EmberSparks.mat using Guid(683dbcbe70b69a946ab99dc6641d1c0b) Importer(815301076,1909f56bfc062723c751e8b465ee728b)  -> (artifact id: '1d1142b55c2d3f32e7d7dd79150e4893') in 0.121225 seconds 
========================================================================
Received Import Request.
  Time since last request: 0.001110 seconds.
  path: Assets/Sounds/FX/8BitSounds (Non-Attribution Commercial Use)/Movement/Jumping and Landing/sfx_movement_jump8.wav
  artifactKey: Guid(498d3307cd3c94865bea14bbfb14d8bb) Importer(815301076,1909f56bfc062723c751e8b465ee728b)
Start importing Assets/Sounds/FX/8BitSounds (Non-Attribution Commercial Use)/Movement/Jumping and Landing/sfx_movement_jump8.wav using Guid(498d3307cd3c94865bea14bbfb14d8bb) Importer(815301076,1909f56bfc062723c751e8b465ee728b)  -> (artifact id: 'ffd015e3655617369d06559eb114e814') in 0.109892 seconds 
========================================================================
Received Import Request.
  Time since last request: 0.001985 seconds.
  path: Assets/AllIn1VfxToolkit/Demo & Assets/Demo/Materials/8_Sphere.mat
  artifactKey: Guid(bd8922736cfe57241be8b5ee80e31cad) Importer(815301076,1909f56bfc062723c751e8b465ee728b)
Start importing Assets/AllIn1VfxToolkit/Demo & Assets/Demo/Materials/8_Sphere.mat using Guid(bd8922736cfe57241be8b5ee80e31cad) Importer(815301076,1909f56bfc062723c751e8b465ee728b)  -> (artifact id: '065ba089323f92f39b24c02abe275055') in 0.155301 seconds 
========================================================================
Received Import Request.
  Time since last request: 0.000185 seconds.
  path: Assets/AllIn1VfxToolkit/Demo & Assets/Demo/Materials/SlashCore.mat
  artifactKey: Guid(7e9adcb6ad57d6842ae22656c3bc53c2) Importer(815301076,1909f56bfc062723c751e8b465ee728b)
Start importing Assets/AllIn1VfxToolkit/Demo & Assets/Demo/Materials/SlashCore.mat using Guid(7e9adcb6ad57d6842ae22656c3bc53c2) Importer(815301076,1909f56bfc062723c751e8b465ee728b)  -> (artifact id: 'e70a9d8baa71d869a139838b2968ad7d') in 0.214146 seconds 
========================================================================
Received Import Request.
  Time since last request: 0.000159 seconds.
  path: Assets/AllIn1VfxToolkit/Demo & Assets/Demo/Materials/EmberSparksGalaxy.mat
  artifactKey: Guid(56178e93b9d621c4895e4dd0d3f4bd76) Importer(815301076,1909f56bfc062723c751e8b465ee728b)
Start importing Assets/AllIn1VfxToolkit/Demo & Assets/Demo/Materials/EmberSparksGalaxy.mat using Guid(56178e93b9d621c4895e4dd0d3f4bd76) Importer(815301076,1909f56bfc062723c751e8b465ee728b)  -> (artifact id: 'c308f24a8589edb9780ace07bf72eb85') in 0.572631 seconds 
========================================================================
Received Import Request.
  Time since last request: 0.007143 seconds.
  path: Assets/Sounds/FX/8BitSounds (Non-Attribution Commercial Use)/Movement/Opening Doors/sfx_movement_dooropen1.wav
  artifactKey: Guid(2bdf2f80071564482b210e455168dab9) Importer(815301076,1909f56bfc062723c751e8b465ee728b)
Start importing Assets/Sounds/FX/8BitSounds (Non-Attribution Commercial Use)/Movement/Opening Doors/sfx_movement_dooropen1.wav using Guid(2bdf2f80071564482b210e455168dab9) Importer(815301076,1909f56bfc062723c751e8b465ee728b)  -> (artifact id: 'b465e33402998c58459ab9e9814faf79') in 0.091031 seconds 
========================================================================
Received Import Request.
  Time since last request: 0.001569 seconds.
  path: Assets/Sounds/FX/8BitSounds (Non-Attribution Commercial Use)/Movement/Jumping and Landing/sfx_movement_jump4.wav
  artifactKey: Guid(924c59bc976944a67b7661674f126124) Importer(815301076,1909f56bfc062723c751e8b465ee728b)
Start importing Assets/Sounds/FX/8BitSounds (Non-Attribution Commercial Use)/Movement/Jumping and Landing/sfx_movement_jump4.wav using Guid(924c59bc976944a67b7661674f126124) Importer(815301076,1909f56bfc062723c751e8b465ee728b)  -> (artifact id: '349933cc567f01e31e7b6bfc8bf6e408') in 0.047610 seconds 
========================================================================
Received Import Request.
  Time since last request: 0.000748 seconds.
  path: Assets/Sounds/FX/8BitSounds (Non-Attribution Commercial Use)/Movement/Jumping and Landing/sfx_movement_jump2.wav
  artifactKey: Guid(fc195b5c49c6f49e4838ea8658285891) Importer(815301076,1909f56bfc062723c751e8b465ee728b)
Start importing Assets/Sounds/FX/8BitSounds (Non-Attribution Commercial Use)/Movement/Jumping and Landing/sfx_movement_jump2.wav using Guid(fc195b5c49c6f49e4838ea8658285891) Importer(815301076,1909f56bfc062723c751e8b465ee728b)  -> (artifact id: 'ece91ff6ed417ac93fec1cac996b23ba') in 0.705147 seconds 
========================================================================
Received Import Request.
  Time since last request: 0.005380 seconds.
  path: Assets/Sounds/FX/8BitSounds (Non-Attribution Commercial Use)/Movement/Footsteps/sfx_movement_footsteps1b.wav
  artifactKey: Guid(7c2453177ccc445ee8e6585cc8379a78) Importer(815301076,1909f56bfc062723c751e8b465ee728b)
Start importing Assets/Sounds/FX/8BitSounds (Non-Attribution Commercial Use)/Movement/Footsteps/sfx_movement_footsteps1b.wav using Guid(7c2453177ccc445ee8e6585cc8379a78) Importer(815301076,1909f56bfc062723c751e8b465ee728b)  -> (artifact id: 'e78099580858a61db15bb616aaa8006c') in 0.363313 seconds 
========================================================================
Received Import Request.
  Time since last request: 0.000124 seconds.
  path: Assets/Sounds/FX/8BitSounds (Non-Attribution Commercial Use)/Movement/Jumping and Landing/sfx_movement_jump3.wav
  artifactKey: Guid(b22ac0f568532453fa5f8f0ce340226d) Importer(815301076,1909f56bfc062723c751e8b465ee728b)
Start importing Assets/Sounds/FX/8BitSounds (Non-Attribution Commercial Use)/Movement/Jumping and Landing/sfx_movement_jump3.wav using Guid(b22ac0f568532453fa5f8f0ce340226d) Importer(815301076,1909f56bfc062723c751e8b465ee728b)  -> (artifact id: 'c819b3ce153cc337062cb793a843fd74') in 0.470515 seconds 
========================================================================
Received Import Request.
  Time since last request: 0.000171 seconds.
  path: Assets/Sounds/FX/8BitSounds (Non-Attribution Commercial Use)/Movement/Jumping and Landing/sfx_movement_jump5.wav
  artifactKey: Guid(7bba0e884000947d4bd3a000a8305391) Importer(815301076,1909f56bfc062723c751e8b465ee728b)
Start importing Assets/Sounds/FX/8BitSounds (Non-Attribution Commercial Use)/Movement/Jumping and Landing/sfx_movement_jump5.wav using Guid(7bba0e884000947d4bd3a000a8305391) Importer(815301076,1909f56bfc062723c751e8b465ee728b)  -> (artifact id: 'f36e00c88d4969ff43385408a448275f') in 0.184119 seconds 
========================================================================
Received Import Request.
  Time since last request: 0.000133 seconds.
  path: Assets/Sounds/FX/8BitSounds (Non-Attribution Commercial Use)/General Sounds/Menu Sounds/sfx_menu_move2.wav
  artifactKey: Guid(44dd2983842e848328163218718b6274) Importer(815301076,1909f56bfc062723c751e8b465ee728b)
Start importing Assets/Sounds/FX/8BitSounds (Non-Attribution Commercial Use)/General Sounds/Menu Sounds/sfx_menu_move2.wav using Guid(44dd2983842e848328163218718b6274) Importer(815301076,1909f56bfc062723c751e8b465ee728b)  -> (artifact id: '810ea4bdbca2c86785c4d2a1a4326b01') in 0.121068 seconds 
========================================================================
Received Import Request.
  Time since last request: 0.000174 seconds.
  path: Assets/AllIn1VfxToolkit/Demo & Assets/Demo/Materials/8_ToonBeam_2.mat
  artifactKey: Guid(df13fa64531b62044ad6a59d46b1f1a7) Importer(815301076,1909f56bfc062723c751e8b465ee728b)
Start importing Assets/AllIn1VfxToolkit/Demo & Assets/Demo/Materials/8_ToonBeam_2.mat using Guid(df13fa64531b62044ad6a59d46b1f1a7) Importer(815301076,1909f56bfc062723c751e8b465ee728b)  -> (artifact id: '8ad737393c8f381883a703467ce1e181') in 0.644784 seconds 
========================================================================
Received Import Request.
  Time since last request: 0.000907 seconds.
  path: Assets/Sounds/FX/8BitSounds (Non-Attribution Commercial Use)/Movement/Opening Doors/sfx_movement_dooropen4.wav
  artifactKey: Guid(8de028f04735d40d3bb2e9b9e9c97e20) Importer(815301076,1909f56bfc062723c751e8b465ee728b)
Start importing Assets/Sounds/FX/8BitSounds (Non-Attribution Commercial Use)/Movement/Opening Doors/sfx_movement_dooropen4.wav using Guid(8de028f04735d40d3bb2e9b9e9c97e20) Importer(815301076,1909f56bfc062723c751e8b465ee728b)  -> (artifact id: 'badaee3203f447559884a2fe97a9d0c5') in 0.201934 seconds 
========================================================================
Received Import Request.
  Time since last request: 0.002012 seconds.
  path: Assets/AllIn1VfxToolkit/Demo & Assets/Demo/Materials/ExplosionSparks.mat
  artifactKey: Guid(72b7f470b9834014787e22707fb9e79b) Importer(815301076,1909f56bfc062723c751e8b465ee728b)
Start importing Assets/AllIn1VfxToolkit/Demo & Assets/Demo/Materials/ExplosionSparks.mat using Guid(72b7f470b9834014787e22707fb9e79b) Importer(815301076,1909f56bfc062723c751e8b465ee728b)  -> (artifact id: 'fbc13b56b7406d9edc9e792fe38ffe3b') in 0.158137 seconds 
========================================================================
Received Import Request.
  Time since last request: 0.000115 seconds.
  path: Assets/Sounds/FX/8BitSounds (Non-Attribution Commercial Use)/Movement/Jumping and Landing/sfx_movement_jump6.wav
  artifactKey: Guid(37981d13cfbf1415890c7091681ac0f8) Importer(815301076,1909f56bfc062723c751e8b465ee728b)
Start importing Assets/Sounds/FX/8BitSounds (Non-Attribution Commercial Use)/Movement/Jumping and Landing/sfx_movement_jump6.wav using Guid(37981d13cfbf1415890c7091681ac0f8) Importer(815301076,1909f56bfc062723c751e8b465ee728b)  -> (artifact id: '0a46f1e50a5d8f4d46725fe1e9053264') in 0.054247 seconds 
========================================================================
Received Import Request.
  Time since last request: 0.001379 seconds.
  path: Assets/Sounds/FX/8BitSounds (Non-Attribution Commercial Use)/General Sounds/Menu Sounds/sfx_menu_move3.wav
  artifactKey: Guid(634f968a1a57c46728fc5b12926ceac6) Importer(815301076,1909f56bfc062723c751e8b465ee728b)
Start importing Assets/Sounds/FX/8BitSounds (Non-Attribution Commercial Use)/General Sounds/Menu Sounds/sfx_menu_move3.wav using Guid(634f968a1a57c46728fc5b12926ceac6) Importer(815301076,1909f56bfc062723c751e8b465ee728b)  -> (artifact id: '6ffef0453a2fcab98a5c5ac71950f400') in 0.407369 seconds 
========================================================================
Received Import Request.
  Time since last request: 0.000682 seconds.
  path: Assets/AllIn1VfxToolkit/Demo & Assets/Demo/Materials/10_Tornado_Core.mat
  artifactKey: Guid(63c9ea27a7e8ce74390db1b9d8c241b3) Importer(815301076,1909f56bfc062723c751e8b465ee728b)
Start importing Assets/AllIn1VfxToolkit/Demo & Assets/Demo/Materials/10_Tornado_Core.mat using Guid(63c9ea27a7e8ce74390db1b9d8c241b3) Importer(815301076,1909f56bfc062723c751e8b465ee728b)  -> (artifact id: '11d5be9f4730edad950126ae16ec3ffb') in 0.169697 seconds 
========================================================================
Received Import Request.
  Time since last request: 0.000093 seconds.
  path: Assets/Sounds/FX/8BitSounds (Non-Attribution Commercial Use)/Movement/Opening Doors/sfx_movement_dooropen2.wav
  artifactKey: Guid(ae1a5310f49f54f62af093a6c92dd642) Importer(815301076,1909f56bfc062723c751e8b465ee728b)
Start importing Assets/Sounds/FX/8BitSounds (Non-Attribution Commercial Use)/Movement/Opening Doors/sfx_movement_dooropen2.wav using Guid(ae1a5310f49f54f62af093a6c92dd642) Importer(815301076,1909f56bfc062723c751e8b465ee728b)  -> (artifact id: '96f69757882720fb808f591781e5a208') in 0.205028 seconds 
========================================================================
Received Import Request.
  Time since last request: 0.000129 seconds.
  path: Assets/Sounds/FX/8BitSounds (Non-Attribution Commercial Use)/Movement/Jumping and Landing/sfx_movement_jump7.wav
  artifactKey: Guid(747d74187b1e04c9facf637c07a7cb13) Importer(815301076,1909f56bfc062723c751e8b465ee728b)
Start importing Assets/Sounds/FX/8BitSounds (Non-Attribution Commercial Use)/Movement/Jumping and Landing/sfx_movement_jump7.wav using Guid(747d74187b1e04c9facf637c07a7cb13) Importer(815301076,1909f56bfc062723c751e8b465ee728b)  -> (artifact id: 'ec69fd1cc9442f45f6d3f94f89e87853') in 1.673602 seconds 
========================================================================
Received Import Request.
  Time since last request: 0.001651 seconds.
  path: Assets/Sounds/FX/8BitSounds (Non-Attribution Commercial Use)/General Sounds/Menu Sounds/sfx_menu_move1.wav
  artifactKey: Guid(c6b22bd86b8b241a2a223d948396ce4b) Importer(815301076,1909f56bfc062723c751e8b465ee728b)
Start importing Assets/Sounds/FX/8BitSounds (Non-Attribution Commercial Use)/General Sounds/Menu Sounds/sfx_menu_move1.wav using Guid(c6b22bd86b8b241a2a223d948396ce4b) Importer(815301076,1909f56bfc062723c751e8b465ee728b)  -> (artifact id: '4905e62ef7d2c5a711072395bb1936d3') in 0.264321 seconds 
========================================================================
Received Import Request.
  Time since last request: 0.000264 seconds.
  path: Assets/Sounds/FX/8BitSounds (Non-Attribution Commercial Use)/Movement/Footsteps/sfx_movement_footstepsloop3_fast.wav
  artifactKey: Guid(ae053bbdd0eb7474197a3746ff32ddca) Importer(815301076,1909f56bfc062723c751e8b465ee728b)
Start importing Assets/Sounds/FX/8BitSounds (Non-Attribution Commercial Use)/Movement/Footsteps/sfx_movement_footstepsloop3_fast.wav using Guid(ae053bbdd0eb7474197a3746ff32ddca) Importer(815301076,1909f56bfc062723c751e8b465ee728b)  -> (artifact id: '50205dd1b6230a74b357a67ef685bbc6') in 0.199287 seconds 
========================================================================
Received Import Request.
  Time since last request: 0.000213 seconds.
  path: Assets/Sounds/FX/8BitSounds (Non-Attribution Commercial Use)/Movement/Footsteps/sfx_movement_footstepsloop3_slow.wav
  artifactKey: Guid(34547374a3e9d40c38dde02132ce1a3c) Importer(815301076,1909f56bfc062723c751e8b465ee728b)
Start importing Assets/Sounds/FX/8BitSounds (Non-Attribution Commercial Use)/Movement/Footsteps/sfx_movement_footstepsloop3_slow.wav using Guid(34547374a3e9d40c38dde02132ce1a3c) Importer(815301076,1909f56bfc062723c751e8b465ee728b)  -> (artifact id: '0c6836be1d37c57473ddb2e045ec9cbe') in 0.197412 seconds 
========================================================================
Received Import Request.
  Time since last request: 0.000310 seconds.
  path: Assets/Sounds/FX/8BitSounds (Non-Attribution Commercial Use)/General Sounds/Menu Sounds/sfx_menu_move5.wav
  artifactKey: Guid(e84f3cb7ab1ce47708969921d1364524) Importer(815301076,1909f56bfc062723c751e8b465ee728b)
Start importing Assets/Sounds/FX/8BitSounds (Non-Attribution Commercial Use)/General Sounds/Menu Sounds/sfx_menu_move5.wav using Guid(e84f3cb7ab1ce47708969921d1364524) Importer(815301076,1909f56bfc062723c751e8b465ee728b)  -> (artifact id: 'bfbd3dfc8df456d614fe0466fc4393d1') in 0.052784 seconds 
========================================================================
Received Import Request.
  Time since last request: 0.000229 seconds.
  path: Assets/AllIn1VfxToolkit/Demo & Assets/Demo/Materials/8_ToonBeam_3.mat
  artifactKey: Guid(f75c4ff916e05d94fa36260bab41f41e) Importer(815301076,1909f56bfc062723c751e8b465ee728b)
Start importing Assets/AllIn1VfxToolkit/Demo & Assets/Demo/Materials/8_ToonBeam_3.mat using Guid(f75c4ff916e05d94fa36260bab41f41e) Importer(815301076,1909f56bfc062723c751e8b465ee728b)  -> (artifact id: '1691129deb4a724d26500c45f34e7cf0') in 0.176850 seconds 
========================================================================
Received Import Request.
  Time since last request: 0.000134 seconds.
  path: Assets/AllIn1VfxToolkit/Demo & Assets/Demo/Materials/GalaxySparksExpl.mat
  artifactKey: Guid(cc9061e1cc774144fbb8d8c80c3d697a) Importer(815301076,1909f56bfc062723c751e8b465ee728b)
Start importing Assets/AllIn1VfxToolkit/Demo & Assets/Demo/Materials/GalaxySparksExpl.mat using Guid(cc9061e1cc774144fbb8d8c80c3d697a) Importer(815301076,1909f56bfc062723c751e8b465ee728b)  -> (artifact id: 'c4c8d0e72f61cd6eeae7cc113bb81362') in 0.229499 seconds 
========================================================================
Received Import Request.
  Time since last request: 0.000139 seconds.
  path: Assets/AllIn1VfxToolkit/Demo & Assets/Demo/Materials/13_Tornado_Core.mat
  artifactKey: Guid(4b2f56bc2f6880644ad2d0862554a49e) Importer(815301076,1909f56bfc062723c751e8b465ee728b)
Start importing Assets/AllIn1VfxToolkit/Demo & Assets/Demo/Materials/13_Tornado_Core.mat using Guid(4b2f56bc2f6880644ad2d0862554a49e) Importer(815301076,1909f56bfc062723c751e8b465ee728b)  -> (artifact id: 'bd1a05374255cd83fc1a37139a8994ce') in 0.701185 seconds 
========================================================================
Received Import Request.
  Time since last request: 0.000266 seconds.
  path: Assets/Sounds/FX/8BitSounds (Non-Attribution Commercial Use)/Movement/Footsteps/sfx_movement_footsteps5.wav
  artifactKey: Guid(4632b397fc97740ed951ca677c0a4bc3) Importer(815301076,1909f56bfc062723c751e8b465ee728b)
Start importing Assets/Sounds/FX/8BitSounds (Non-Attribution Commercial Use)/Movement/Footsteps/sfx_movement_footsteps5.wav using Guid(4632b397fc97740ed951ca677c0a4bc3) Importer(815301076,1909f56bfc062723c751e8b465ee728b)  -> (artifact id: '6dbdceea22f763982aca4d89c0361b8b') in 0.129847 seconds 
========================================================================
Received Import Request.
  Time since last request: 0.000103 seconds.
  path: Assets/AllIn1VfxToolkit/Demo & Assets/Demo/Materials/7_Aura_Base.mat
  artifactKey: Guid(fc73b2313bba63448a86d0197217fb7c) Importer(815301076,1909f56bfc062723c751e8b465ee728b)
Start importing Assets/AllIn1VfxToolkit/Demo & Assets/Demo/Materials/7_Aura_Base.mat using Guid(fc73b2313bba63448a86d0197217fb7c) Importer(815301076,1909f56bfc062723c751e8b465ee728b)  -> (artifact id: 'd974557077054affc742428070655709') in 0.364171 seconds 
========================================================================
Received Import Request.
  Time since last request: 0.000136 seconds.
  path: Assets/Sounds/FX/8BitSounds (Non-Attribution Commercial Use)/Movement/Footsteps/sfx_movement_footsteps1a.wav
  artifactKey: Guid(27e58179389da43abaf2aa220d014dc1) Importer(815301076,1909f56bfc062723c751e8b465ee728b)
Start importing Assets/Sounds/FX/8BitSounds (Non-Attribution Commercial Use)/Movement/Footsteps/sfx_movement_footsteps1a.wav using Guid(27e58179389da43abaf2aa220d014dc1) Importer(815301076,1909f56bfc062723c751e8b465ee728b)  -> (artifact id: '079d17a2c4ebac352e70ab8df40592d7') in 0.110598 seconds 
========================================================================
Received Import Request.
  Time since last request: 0.000168 seconds.
  path: Assets/Sounds/FX/8BitSounds (Non-Attribution Commercial Use)/Movement/Jumping and Landing/sfx_movement_jump1.wav
  artifactKey: Guid(349ec90a5f2864a74bf0c4cebd33fbc2) Importer(815301076,1909f56bfc062723c751e8b465ee728b)
Start importing Assets/Sounds/FX/8BitSounds (Non-Attribution Commercial Use)/Movement/Jumping and Landing/sfx_movement_jump1.wav using Guid(349ec90a5f2864a74bf0c4cebd33fbc2) Importer(815301076,1909f56bfc062723c751e8b465ee728b)  -> (artifact id: 'e74ed53ab93c3af0eceaef261fd8252a') in 0.161284 seconds 
========================================================================
Received Import Request.
  Time since last request: 0.000107 seconds.
  path: Assets/AllIn1VfxToolkit/Demo & Assets/Demo/Materials/ElectricSparks.mat
  artifactKey: Guid(65fd003225f71b14ca03484719ced783) Importer(815301076,1909f56bfc062723c751e8b465ee728b)
Start importing Assets/AllIn1VfxToolkit/Demo & Assets/Demo/Materials/ElectricSparks.mat using Guid(65fd003225f71b14ca03484719ced783) Importer(815301076,1909f56bfc062723c751e8b465ee728b)  -> (artifact id: 'fed56a0fadd737f2a06168649117892b') in 0.171923 seconds 
========================================================================
Received Prepare
Registering precompiled user dll's ...
Registered in 0.047744 seconds.
Begin MonoManager ReloadAssembly
Native extension for WindowsStandalone target not found
Native extension for Android target not found
Native extension for WebGL target not found
Refreshing native plugins compatible for Editor in 6.10 ms, found 2 plugins.
Preloading 0 native plugins for Editor in 0.00 ms.
Mono: successfully reloaded assembly
- Completed reload, in  7.245 seconds
Domain Reload Profiling:
	ReloadAssembly (7253ms)
		BeginReloadAssembly (1797ms)
			ExecutionOrderSort (1ms)
			DisableScriptedObjects (153ms)
			BackupInstance (0ms)
			ReleaseScriptingObjects (1ms)
			CreateAndSetChildDomain (838ms)
		EndReloadAssembly (4894ms)
			LoadAssemblies (721ms)
			RebuildTransferFunctionScriptingTraits (1ms)
			SetupTypeCache (1538ms)
			ReleaseScriptCaches (4ms)
			RebuildScriptCaches (287ms)
			SetupLoadedEditorAssemblies (2181ms)
				LogAssemblyErrors (0ms)
				InitializePlatformSupportModulesInManaged (130ms)
				SetLoadedEditorAssemblies (4ms)
				RefreshPlugins (7ms)
				BeforeProcessingInitializeOnLoad (283ms)
				ProcessInitializeOnLoadAttributes (1537ms)
				ProcessInitializeOnLoadMethodAttributes (187ms)
				AfterProcessingInitializeOnLoad (33ms)
				EditorAssembliesLoaded (1ms)
			ExecutionOrderSort2 (0ms)
			AwakeInstancesAfterBackupRestoration (32ms)
Platform modules already initialized, skipping
Refreshing native plugins compatible for Editor in 36.09 ms, found 2 plugins.
Preloading 0 native plugins for Editor in 0.00 ms.
Unloading 2988 Unused Serialized files (Serialized files now loaded: 0)
Unloading 34 unused Assets / (1.7 MB). Loaded Objects now: 3603.
Memory consumption went from 156.0 MB to 154.3 MB.
Total: 54.965900 ms (FindLiveObjects: 3.549200 ms CreateObjectMapping: 1.487700 ms MarkObjects: 43.905600 ms  DeleteObjects: 6.013800 ms)

AssetImportParameters requested are different than current active one (requested -> active):
  custom:video-decoder-ogg-theora: a1e56fd34408186e4bbccfd4996cb3dc -> 
  custom:container-muxer-webm: aa71ff27fc2769a1b78a27578f13a17b -> 
  custom:container-demuxer-webm: 4f35f7cbe854078d1ac9338744f61a02 -> 
  custom:video-encoder-webm-vp8: eb34c28f22e8b96e1ab97ce403110664 -> 
  custom:audio-encoder-webm-vorbis: bf7c407c2cedff20999df2af8eb42d56 -> 
  custom:framework-win-MediaFoundation: 216162199b28c13a410421893ffa2e32 -> 
  custom:container-demuxer-ogg: 62fdf1f143b41e24485cea50d1cbac27 -> 
  custom:video-decoder-webm-vp8: 9c59270c3fd7afecdb556c50c9e8de78 -> 
  custom:audio-decoder-ogg-vorbis: bf7c407c2cedff20999df2af8eb42d56 -> 
========================================================================
Received Prepare
Registering precompiled user dll's ...
Registered in 0.044507 seconds.
Begin MonoManager ReloadAssembly
Native extension for WindowsStandalone target not found
Native extension for Android target not found
Native extension for WebGL target not found
Refreshing native plugins compatible for Editor in 4.48 ms, found 2 plugins.
Preloading 0 native plugins for Editor in 0.00 ms.
Mono: successfully reloaded assembly
- Completed reload, in 12.846 seconds
Domain Reload Profiling:
	ReloadAssembly (12855ms)
		BeginReloadAssembly (5081ms)
			ExecutionOrderSort (0ms)
			DisableScriptedObjects (282ms)
			BackupInstance (0ms)
			ReleaseScriptingObjects (1ms)
			CreateAndSetChildDomain (897ms)
		EndReloadAssembly (6302ms)
			LoadAssemblies (1065ms)
			RebuildTransferFunctionScriptingTraits (1ms)
			SetupTypeCache (1873ms)
			ReleaseScriptCaches (11ms)
			RebuildScriptCaches (279ms)
			SetupLoadedEditorAssemblies (2769ms)
				LogAssemblyErrors (0ms)
				InitializePlatformSupportModulesInManaged (121ms)
				SetLoadedEditorAssemblies (4ms)
				RefreshPlugins (5ms)
				BeforeProcessingInitializeOnLoad (346ms)
				ProcessInitializeOnLoadAttributes (2092ms)
				ProcessInitializeOnLoadMethodAttributes (168ms)
				AfterProcessingInitializeOnLoad (31ms)
				EditorAssembliesLoaded (1ms)
			ExecutionOrderSort2 (0ms)
			AwakeInstancesAfterBackupRestoration (28ms)
Platform modules already initialized, skipping
Refreshing native plugins compatible for Editor in 33.01 ms, found 2 plugins.
Preloading 0 native plugins for Editor in 0.00 ms.
Unloading 2989 Unused Serialized files (Serialized files now loaded: 0)
Unloading 34 unused Assets / (1.7 MB). Loaded Objects now: 3607.
Memory consumption went from 156.0 MB to 154.4 MB.
Total: 54.915700 ms (FindLiveObjects: 2.284400 ms CreateObjectMapping: 2.271000 ms MarkObjects: 46.722300 ms  DeleteObjects: 3.630500 ms)

AssetImportParameters requested are different than current active one (requested -> active):
  custom:video-decoder-ogg-theora: a1e56fd34408186e4bbccfd4996cb3dc -> 
  custom:container-muxer-webm: aa71ff27fc2769a1b78a27578f13a17b -> 
  custom:container-demuxer-webm: 4f35f7cbe854078d1ac9338744f61a02 -> 
  custom:video-encoder-webm-vp8: eb34c28f22e8b96e1ab97ce403110664 -> 
  custom:audio-encoder-webm-vorbis: bf7c407c2cedff20999df2af8eb42d56 -> 
  custom:framework-win-MediaFoundation: 216162199b28c13a410421893ffa2e32 -> 
  custom:container-demuxer-ogg: 62fdf1f143b41e24485cea50d1cbac27 -> 
  custom:video-decoder-webm-vp8: 9c59270c3fd7afecdb556c50c9e8de78 -> 
  custom:audio-decoder-ogg-vorbis: bf7c407c2cedff20999df2af8eb42d56 -> 
========================================================================
Received Import Request.
  Time since last request: 3753.338836 seconds.
  path: Assets/Scenes/PokemonCharmander Variant.prefab
  artifactKey: Guid(7c0e20ca7932f1f4a80a3705f26f81a0) Importer(815301076,1909f56bfc062723c751e8b465ee728b)
Start importing Assets/Scenes/PokemonCharmander Variant.prefab using Guid(7c0e20ca7932f1f4a80a3705f26f81a0) Importer(815301076,1909f56bfc062723c751e8b465ee728b)  -> (artifact id: '8300d8b8c4138a833dbd49c8c0ab2bd2') in 1.417514 seconds 
========================================================================
Received Prepare
Registering precompiled user dll's ...
Registered in 0.109557 seconds.
Begin MonoManager ReloadAssembly
Native extension for WindowsStandalone target not found
Native extension for Android target not found
Native extension for WebGL target not found
Refreshing native plugins compatible for Editor in 5.69 ms, found 2 plugins.
Preloading 0 native plugins for Editor in 0.00 ms.
Mono: successfully reloaded assembly
- Completed reload, in 34.626 seconds
Domain Reload Profiling:
	ReloadAssembly (34666ms)
		BeginReloadAssembly (8437ms)
			ExecutionOrderSort (1ms)
			DisableScriptedObjects (153ms)
			BackupInstance (0ms)
			ReleaseScriptingObjects (0ms)
			CreateAndSetChildDomain (5081ms)
		EndReloadAssembly (13496ms)
			LoadAssemblies (9049ms)
			RebuildTransferFunctionScriptingTraits (1ms)
			SetupTypeCache (2090ms)
			ReleaseScriptCaches (28ms)
			RebuildScriptCaches (376ms)
			SetupLoadedEditorAssemblies (3121ms)
				LogAssemblyErrors (0ms)
				InitializePlatformSupportModulesInManaged (156ms)
				SetLoadedEditorAssemblies (4ms)
				RefreshPlugins (6ms)
				BeforeProcessingInitializeOnLoad (328ms)
				ProcessInitializeOnLoadAttributes (2367ms)
				ProcessInitializeOnLoadMethodAttributes (225ms)
				AfterProcessingInitializeOnLoad (33ms)
				EditorAssembliesLoaded (1ms)
			ExecutionOrderSort2 (0ms)
			AwakeInstancesAfterBackupRestoration (83ms)
Platform modules already initialized, skipping
Refreshing native plugins compatible for Editor in 14.73 ms, found 2 plugins.
Preloading 0 native plugins for Editor in 0.00 ms.
Unloading 2992 Unused Serialized files (Serialized files now loaded: 0)
Unloading 34 unused Assets / (1.7 MB). Loaded Objects now: 3613.
Memory consumption went from 156.2 MB to 154.5 MB.
Total: 45.337800 ms (FindLiveObjects: 2.161300 ms CreateObjectMapping: 1.063800 ms MarkObjects: 37.075300 ms  DeleteObjects: 5.028700 ms)

AssetImportParameters requested are different than current active one (requested -> active):
  custom:video-decoder-ogg-theora: a1e56fd34408186e4bbccfd4996cb3dc -> 
  custom:container-muxer-webm: aa71ff27fc2769a1b78a27578f13a17b -> 
  custom:container-demuxer-webm: 4f35f7cbe854078d1ac9338744f61a02 -> 
  custom:video-encoder-webm-vp8: eb34c28f22e8b96e1ab97ce403110664 -> 
  custom:audio-encoder-webm-vorbis: bf7c407c2cedff20999df2af8eb42d56 -> 
  custom:framework-win-MediaFoundation: 216162199b28c13a410421893ffa2e32 -> 
  custom:container-demuxer-ogg: 62fdf1f143b41e24485cea50d1cbac27 -> 
  custom:video-decoder-webm-vp8: 9c59270c3fd7afecdb556c50c9e8de78 -> 
  custom:audio-decoder-ogg-vorbis: bf7c407c2cedff20999df2af8eb42d56 -> 
========================================================================
Received Import Request.
  Time since last request: 296.808857 seconds.
  path: Assets/Scenes/Demo.unity
  artifactKey: Guid(f1ec38a7ed4254e23a5bcc2aaa85ab70) Importer(815301076,1909f56bfc062723c751e8b465ee728b)
Start importing Assets/Scenes/Demo.unity using Guid(f1ec38a7ed4254e23a5bcc2aaa85ab70) Importer(815301076,1909f56bfc062723c751e8b465ee728b)  -> (artifact id: 'fda33d12009908370dcdc948424009fa') in 0.146933 seconds 
========================================================================
Received Prepare
Registering precompiled user dll's ...
Registered in 0.036017 seconds.
Begin MonoManager ReloadAssembly
Native extension for WindowsStandalone target not found
Native extension for Android target not found
Native extension for WebGL target not found
Refreshing native plugins compatible for Editor in 7.73 ms, found 2 plugins.
Preloading 0 native plugins for Editor in 0.00 ms.
Mono: successfully reloaded assembly
- Completed reload, in 54.735 seconds
Domain Reload Profiling:
	ReloadAssembly (54741ms)
		BeginReloadAssembly (13090ms)
			ExecutionOrderSort (0ms)
			DisableScriptedObjects (129ms)
			BackupInstance (0ms)
			ReleaseScriptingObjects (1ms)
			CreateAndSetChildDomain (520ms)
		EndReloadAssembly (27364ms)
			LoadAssemblies (12515ms)
			RebuildTransferFunctionScriptingTraits (2ms)
			SetupTypeCache (17202ms)
			ReleaseScriptCaches (189ms)
			RebuildScriptCaches (1965ms)
			SetupLoadedEditorAssemblies (4502ms)
				LogAssemblyErrors (0ms)
				InitializePlatformSupportModulesInManaged (295ms)
				SetLoadedEditorAssemblies (9ms)
				RefreshPlugins (8ms)
				BeforeProcessingInitializeOnLoad (396ms)
				ProcessInitializeOnLoadAttributes (3570ms)
				ProcessInitializeOnLoadMethodAttributes (191ms)
				AfterProcessingInitializeOnLoad (31ms)
				EditorAssembliesLoaded (2ms)
			ExecutionOrderSort2 (0ms)
			AwakeInstancesAfterBackupRestoration (44ms)
Platform modules already initialized, skipping
Refreshing native plugins compatible for Editor in 18.93 ms, found 2 plugins.
Preloading 0 native plugins for Editor in 0.00 ms.
Unloading 2992 Unused Serialized files (Serialized files now loaded: 0)
Unloading 34 unused Assets / (1.7 MB). Loaded Objects now: 3616.
Memory consumption went from 156.2 MB to 154.5 MB.
Total: 70.356300 ms (FindLiveObjects: 10.061600 ms CreateObjectMapping: 14.557300 ms MarkObjects: 41.355800 ms  DeleteObjects: 4.373900 ms)

AssetImportParameters requested are different than current active one (requested -> active):
  custom:video-decoder-ogg-theora: a1e56fd34408186e4bbccfd4996cb3dc -> 
  custom:container-muxer-webm: aa71ff27fc2769a1b78a27578f13a17b -> 
  custom:container-demuxer-webm: 4f35f7cbe854078d1ac9338744f61a02 -> 
  custom:video-encoder-webm-vp8: eb34c28f22e8b96e1ab97ce403110664 -> 
  custom:audio-encoder-webm-vorbis: bf7c407c2cedff20999df2af8eb42d56 -> 
  custom:framework-win-MediaFoundation: 216162199b28c13a410421893ffa2e32 -> 
  custom:container-demuxer-ogg: 62fdf1f143b41e24485cea50d1cbac27 -> 
  custom:video-decoder-webm-vp8: 9c59270c3fd7afecdb556c50c9e8de78 -> 
  custom:audio-decoder-ogg-vorbis: bf7c407c2cedff20999df2af8eb42d56 -> 
========================================================================
Received Prepare
Registering precompiled user dll's ...
Registered in 0.057503 seconds.
Begin MonoManager ReloadAssembly
Native extension for WindowsStandalone target not found
Native extension for Android target not found
Native extension for WebGL target not found
Refreshing native plugins compatible for Editor in 6.91 ms, found 2 plugins.
Preloading 0 native plugins for Editor in 0.00 ms.
Mono: successfully reloaded assembly
- Completed reload, in 38.409 seconds
Domain Reload Profiling:
	ReloadAssembly (38414ms)
		BeginReloadAssembly (2054ms)
			ExecutionOrderSort (0ms)
			DisableScriptedObjects (55ms)
			BackupInstance (0ms)
			ReleaseScriptingObjects (1ms)
			CreateAndSetChildDomain (249ms)
		EndReloadAssembly (35173ms)
			LoadAssemblies (8428ms)
			RebuildTransferFunctionScriptingTraits (0ms)
			SetupTypeCache (10490ms)
			ReleaseScriptCaches (4ms)
			RebuildScriptCaches (650ms)
			SetupLoadedEditorAssemblies (12304ms)
				LogAssemblyErrors (0ms)
				InitializePlatformSupportModulesInManaged (5483ms)
				SetLoadedEditorAssemblies (5ms)
				RefreshPlugins (7ms)
				BeforeProcessingInitializeOnLoad (1457ms)
				ProcessInitializeOnLoadAttributes (4556ms)
				ProcessInitializeOnLoadMethodAttributes (764ms)
				AfterProcessingInitializeOnLoad (29ms)
				EditorAssembliesLoaded (2ms)
			ExecutionOrderSort2 (0ms)
			AwakeInstancesAfterBackupRestoration (50ms)
Platform modules already initialized, skipping
Refreshing native plugins compatible for Editor in 2749.41 ms, found 2 plugins.
Preloading 0 native plugins for Editor in 0.00 ms.
Unloading 2992 Unused Serialized files (Serialized files now loaded: 0)
Unloading 34 unused Assets / (1.7 MB). Loaded Objects now: 3619.
Memory consumption went from 156.2 MB to 154.5 MB.
Total: 57.532600 ms (FindLiveObjects: 2.330000 ms CreateObjectMapping: 3.241400 ms MarkObjects: 25.592100 ms  DeleteObjects: 26.359700 ms)

AssetImportParameters requested are different than current active one (requested -> active):
  custom:video-decoder-ogg-theora: a1e56fd34408186e4bbccfd4996cb3dc -> 
  custom:container-muxer-webm: aa71ff27fc2769a1b78a27578f13a17b -> 
  custom:container-demuxer-webm: 4f35f7cbe854078d1ac9338744f61a02 -> 
  custom:video-encoder-webm-vp8: eb34c28f22e8b96e1ab97ce403110664 -> 
  custom:audio-encoder-webm-vorbis: bf7c407c2cedff20999df2af8eb42d56 -> 
  custom:framework-win-MediaFoundation: 216162199b28c13a410421893ffa2e32 -> 
  custom:container-demuxer-ogg: 62fdf1f143b41e24485cea50d1cbac27 -> 
  custom:video-decoder-webm-vp8: 9c59270c3fd7afecdb556c50c9e8de78 -> 
  custom:audio-decoder-ogg-vorbis: bf7c407c2cedff20999df2af8eb42d56 -> 
========================================================================
Received Prepare
Registering precompiled user dll's ...
Registered in 1.716759 seconds.
Begin MonoManager ReloadAssembly
Native extension for WindowsStandalone target not found
Native extension for Android target not found
Native extension for WebGL target not found
Refreshing native plugins compatible for Editor in 5.36 ms, found 2 plugins.
Preloading 0 native plugins for Editor in 0.00 ms.
Mono: successfully reloaded assembly
- Completed reload, in 12.299 seconds
Domain Reload Profiling:
	ReloadAssembly (12302ms)
		BeginReloadAssembly (1626ms)
			ExecutionOrderSort (0ms)
			DisableScriptedObjects (44ms)
			BackupInstance (0ms)
			ReleaseScriptingObjects (2ms)
			CreateAndSetChildDomain (425ms)
		EndReloadAssembly (9361ms)
			LoadAssemblies (1540ms)
			RebuildTransferFunctionScriptingTraits (0ms)
			SetupTypeCache (3503ms)
			ReleaseScriptCaches (4ms)
			RebuildScriptCaches (372ms)
			SetupLoadedEditorAssemblies (3680ms)
				LogAssemblyErrors (0ms)
				InitializePlatformSupportModulesInManaged (202ms)
				SetLoadedEditorAssemblies (10ms)
				RefreshPlugins (6ms)
				BeforeProcessingInitializeOnLoad (337ms)
				ProcessInitializeOnLoadAttributes (2800ms)
				ProcessInitializeOnLoadMethodAttributes (282ms)
				AfterProcessingInitializeOnLoad (42ms)
				EditorAssembliesLoaded (1ms)
			ExecutionOrderSort2 (0ms)
			AwakeInstancesAfterBackupRestoration (35ms)
Platform modules already initialized, skipping
Refreshing native plugins compatible for Editor in 15.58 ms, found 2 plugins.
Preloading 0 native plugins for Editor in 0.00 ms.
Unloading 2992 Unused Serialized files (Serialized files now loaded: 0)
Unloading 34 unused Assets / (1.7 MB). Loaded Objects now: 3622.
Memory consumption went from 156.2 MB to 154.5 MB.
Total: 60.276100 ms (FindLiveObjects: 35.320500 ms CreateObjectMapping: 0.666700 ms MarkObjects: 21.608500 ms  DeleteObjects: 2.673200 ms)

AssetImportParameters requested are different than current active one (requested -> active):
  custom:video-decoder-ogg-theora: a1e56fd34408186e4bbccfd4996cb3dc -> 
  custom:container-muxer-webm: aa71ff27fc2769a1b78a27578f13a17b -> 
  custom:container-demuxer-webm: 4f35f7cbe854078d1ac9338744f61a02 -> 
  custom:video-encoder-webm-vp8: eb34c28f22e8b96e1ab97ce403110664 -> 
  custom:audio-encoder-webm-vorbis: bf7c407c2cedff20999df2af8eb42d56 -> 
  custom:framework-win-MediaFoundation: 216162199b28c13a410421893ffa2e32 -> 
  custom:container-demuxer-ogg: 62fdf1f143b41e24485cea50d1cbac27 -> 
  custom:video-decoder-webm-vp8: 9c59270c3fd7afecdb556c50c9e8de78 -> 
  custom:audio-decoder-ogg-vorbis: bf7c407c2cedff20999df2af8eb42d56 -> 
========================================================================
Received Prepare
Registering precompiled user dll's ...
Registered in 0.107460 seconds.
Begin MonoManager ReloadAssembly
Native extension for WindowsStandalone target not found
Native extension for Android target not found
Native extension for WebGL target not found
Refreshing native plugins compatible for Editor in 19.14 ms, found 2 plugins.
Preloading 0 native plugins for Editor in 0.00 ms.
Mono: successfully reloaded assembly
- Completed reload, in 31.685 seconds
Domain Reload Profiling:
	ReloadAssembly (31692ms)
		BeginReloadAssembly (2549ms)
			ExecutionOrderSort (0ms)
			DisableScriptedObjects (49ms)
			BackupInstance (0ms)
			ReleaseScriptingObjects (0ms)
			CreateAndSetChildDomain (302ms)
		EndReloadAssembly (24675ms)
			LoadAssemblies (2920ms)
			RebuildTransferFunctionScriptingTraits (0ms)
			SetupTypeCache (8960ms)
			ReleaseScriptCaches (6ms)
			RebuildScriptCaches (1728ms)
			SetupLoadedEditorAssemblies (8325ms)
				LogAssemblyErrors (0ms)
				InitializePlatformSupportModulesInManaged (648ms)
				SetLoadedEditorAssemblies (4ms)
				RefreshPlugins (23ms)
				BeforeProcessingInitializeOnLoad (1573ms)
				ProcessInitializeOnLoadAttributes (5773ms)
				ProcessInitializeOnLoadMethodAttributes (257ms)
				AfterProcessingInitializeOnLoad (45ms)
				EditorAssembliesLoaded (1ms)
			ExecutionOrderSort2 (0ms)
			AwakeInstancesAfterBackupRestoration (102ms)
Platform modules already initialized, skipping
Refreshing native plugins compatible for Editor in 32.58 ms, found 2 plugins.
Preloading 0 native plugins for Editor in 0.00 ms.
Unloading 2992 Unused Serialized files (Serialized files now loaded: 0)
Unloading 34 unused Assets / (1.7 MB). Loaded Objects now: 3625.
Memory consumption went from 156.2 MB to 154.5 MB.
Total: 49.604100 ms (FindLiveObjects: 3.003100 ms CreateObjectMapping: 0.780300 ms MarkObjects: 41.705500 ms  DeleteObjects: 3.847800 ms)

AssetImportParameters requested are different than current active one (requested -> active):
  custom:video-decoder-ogg-theora: a1e56fd34408186e4bbccfd4996cb3dc -> 
  custom:container-muxer-webm: aa71ff27fc2769a1b78a27578f13a17b -> 
  custom:container-demuxer-webm: 4f35f7cbe854078d1ac9338744f61a02 -> 
  custom:video-encoder-webm-vp8: eb34c28f22e8b96e1ab97ce403110664 -> 
  custom:audio-encoder-webm-vorbis: bf7c407c2cedff20999df2af8eb42d56 -> 
  custom:framework-win-MediaFoundation: 216162199b28c13a410421893ffa2e32 -> 
  custom:container-demuxer-ogg: 62fdf1f143b41e24485cea50d1cbac27 -> 
  custom:video-decoder-webm-vp8: 9c59270c3fd7afecdb556c50c9e8de78 -> 
  custom:audio-decoder-ogg-vorbis: bf7c407c2cedff20999df2af8eb42d56 -> 
