Using pre-set license
Built from '2021.3/release' branch; Version is '2021.3.12f1 (8af3c3e441b1) revision 9106371'; Using compiler version '192829333'; Build Type 'Release'
OS: 'Windows 10  (10.0.19042) 64bit Professional' Language: 'ru' Physical Memory: 4001 MB
BatchMode: 1, IsHumanControllingUs: 0, StartBugReporterOnCrash: 0, Is64bit: 1, IsPro: 1

COMMAND LINE ARGUMENTS:
C:\Program Files\Unity\Hub\Editor\2021.3.12f1\Editor\Unity.exe
-adb2
-batchMode
-noUpm
-name
AssetImportWorker27
-projectPath
C:/Users/1/Documents/GitHub/UnityWebglResponsiveTemplate
-logFile
Logs/AssetImportWorker27.log
-srvPort
56136
Successfully changed project path to: C:/Users/1/Documents/GitHub/UnityWebglResponsiveTemplate
C:/Users/1/Documents/GitHub/UnityWebglResponsiveTemplate
[UnityMemory] Configuration Parameters - Can be set up in boot.config
    "memorysetup-bucket-allocator-granularity=16"
    "memorysetup-bucket-allocator-bucket-count=8"
    "memorysetup-bucket-allocator-block-size=33554432"
    "memorysetup-bucket-allocator-block-count=8"
    "memorysetup-main-allocator-block-size=16777216"
    "memorysetup-thread-allocator-block-size=16777216"
    "memorysetup-gfx-main-allocator-block-size=16777216"
    "memorysetup-gfx-thread-allocator-block-size=16777216"
    "memorysetup-cache-allocator-block-size=4194304"
    "memorysetup-typetree-allocator-block-size=2097152"
    "memorysetup-profiler-bucket-allocator-granularity=16"
    "memorysetup-profiler-bucket-allocator-bucket-count=8"
    "memorysetup-profiler-bucket-allocator-block-size=33554432"
    "memorysetup-profiler-bucket-allocator-block-count=8"
    "memorysetup-profiler-allocator-block-size=16777216"
    "memorysetup-profiler-editor-allocator-block-size=1048576"
    "memorysetup-temp-allocator-size-main=16777216"
    "memorysetup-job-temp-allocator-block-size=2097152"
    "memorysetup-job-temp-allocator-block-size-background=1048576"
    "memorysetup-job-temp-allocator-reduction-small-platforms=262144"
    "memorysetup-temp-allocator-size-background-worker=32768"
    "memorysetup-temp-allocator-size-job-worker=262144"
    "memorysetup-temp-allocator-size-preload-manager=33554432"
    "memorysetup-temp-allocator-size-nav-mesh-worker=65536"
    "memorysetup-temp-allocator-size-audio-worker=65536"
    "memorysetup-temp-allocator-size-cloud-worker=32768"
    "memorysetup-temp-allocator-size-gi-baking-worker=262144"
    "memorysetup-temp-allocator-size-gfx=262144"
Refreshing native plugins compatible for Editor in 616.02 ms, found 2 plugins.
Preloading 0 native plugins for Editor in 0.00 ms.
Initialize engine version: 2021.3.12f1 (8af3c3e441b1)
[Subsystems] Discovering subsystems at path C:/Program Files/Unity/Hub/Editor/2021.3.12f1/Editor/Data/Resources/UnitySubsystems
[Subsystems] Discovering subsystems at path C:/Users/1/Documents/GitHub/UnityWebglResponsiveTemplate/Assets
GfxDevice: creating device client; threaded=0; jobified=0
Direct3D:
    Version:  Direct3D 11.0 [level 11.1]
    Renderer: Intel(R) HD Graphics (ID=0x22b1)
    Vendor:   Intel
    VRAM:     2000 MB
    Driver:   20.19.15.4568
Initialize mono
Mono path[0] = 'C:/Program Files/Unity/Hub/Editor/2021.3.12f1/Editor/Data/Managed'
Mono path[1] = 'C:/Program Files/Unity/Hub/Editor/2021.3.12f1/Editor/Data/MonoBleedingEdge/lib/mono/unityjit-win32'
Mono config path = 'C:/Program Files/Unity/Hub/Editor/2021.3.12f1/Editor/Data/MonoBleedingEdge/etc'
Using monoOptions --debugger-agent=transport=dt_socket,embedding=1,server=y,suspend=n,address=127.0.0.1:56736
Begin MonoManager ReloadAssembly
Registering precompiled unity dll's ...
Register platform support module: C:/Program Files/Unity/Hub/Editor/2021.3.12f1/Editor/Data/PlaybackEngines/WebGLSupport/UnityEditor.WebGL.Extensions.dll
Register platform support module: C:/Program Files/Unity/Hub/Editor/2021.3.12f1/Editor/Data/PlaybackEngines/AndroidPlayer/UnityEditor.Android.Extensions.dll
Register platform support module: C:/Program Files/Unity/Hub/Editor/2021.3.12f1/Editor/Data/PlaybackEngines/WindowsStandaloneSupport/UnityEditor.WindowsStandalone.Extensions.dll
Registered in 0.047358 seconds.
Native extension for WindowsStandalone target not found
Native extension for Android target not found
Native extension for WebGL target not found
Refreshing native plugins compatible for Editor in 1558.47 ms, found 2 plugins.
Preloading 0 native plugins for Editor in 0.00 ms.
Mono: successfully reloaded assembly
- Completed reload, in  5.642 seconds
Domain Reload Profiling:
	ReloadAssembly (5644ms)
		BeginReloadAssembly (594ms)
			ExecutionOrderSort (0ms)
			DisableScriptedObjects (0ms)
			BackupInstance (0ms)
			ReleaseScriptingObjects (0ms)
			CreateAndSetChildDomain (4ms)
		EndReloadAssembly (4407ms)
			LoadAssemblies (593ms)
			RebuildTransferFunctionScriptingTraits (0ms)
			SetupTypeCache (919ms)
			ReleaseScriptCaches (0ms)
			RebuildScriptCaches (173ms)
			SetupLoadedEditorAssemblies (3024ms)
				LogAssemblyErrors (0ms)
				InitializePlatformSupportModulesInManaged (433ms)
				SetLoadedEditorAssemblies (1ms)
				RefreshPlugins (1559ms)
				BeforeProcessingInitializeOnLoad (6ms)
				ProcessInitializeOnLoadAttributes (740ms)
				ProcessInitializeOnLoadMethodAttributes (283ms)
				AfterProcessingInitializeOnLoad (0ms)
				EditorAssembliesLoaded (1ms)
			ExecutionOrderSort2 (0ms)
			AwakeInstancesAfterBackupRestoration (0ms)
Platform modules already initialized, skipping
Registering precompiled user dll's ...
Registered in 0.052661 seconds.
Android Extension - Scanning For ADB Devices 7557 ms
Begin MonoManager ReloadAssembly
Symbol file LoadedFromMemory is not a mono symbol file
Native extension for WindowsStandalone target not found
Native extension for Android target not found
Native extension for WebGL target not found
Refreshing native plugins compatible for Editor in 416.82 ms, found 2 plugins.
Preloading 0 native plugins for Editor in 0.00 ms.
Mono: successfully reloaded assembly
- Completed reload, in  8.630 seconds
Domain Reload Profiling:
	ReloadAssembly (8635ms)
		BeginReloadAssembly (566ms)
			ExecutionOrderSort (0ms)
			DisableScriptedObjects (32ms)
			BackupInstance (0ms)
			ReleaseScriptingObjects (1ms)
			CreateAndSetChildDomain (89ms)
		EndReloadAssembly (7125ms)
			LoadAssemblies (447ms)
			RebuildTransferFunctionScriptingTraits (0ms)
			SetupTypeCache (1509ms)
			ReleaseScriptCaches (6ms)
			RebuildScriptCaches (1020ms)
			SetupLoadedEditorAssemblies (3463ms)
				LogAssemblyErrors (0ms)
				InitializePlatformSupportModulesInManaged (87ms)
				SetLoadedEditorAssemblies (1ms)
				RefreshPlugins (417ms)
				BeforeProcessingInitializeOnLoad (333ms)
				ProcessInitializeOnLoadAttributes (2296ms)
				ProcessInitializeOnLoadMethodAttributes (231ms)
				AfterProcessingInitializeOnLoad (97ms)
				EditorAssembliesLoaded (1ms)
			ExecutionOrderSort2 (0ms)
			AwakeInstancesAfterBackupRestoration (38ms)
Platform modules already initialized, skipping
========================================================================
Worker process is ready to serve import requests
Launched and connected shader compiler UnityShaderCompiler.exe after 0.16 seconds
Refreshing native plugins compatible for Editor in 5.97 ms, found 2 plugins.
Preloading 0 native plugins for Editor in 0.00 ms.
Unloading 3077 Unused Serialized files (Serialized files now loaded: 0)
Unloading 48 unused Assets / (1.7 MB). Loaded Objects now: 3562.
Memory consumption went from 159.4 MB to 157.7 MB.
Total: 20.565200 ms (FindLiveObjects: 1.195900 ms CreateObjectMapping: 0.644700 ms MarkObjects: 15.232400 ms  DeleteObjects: 3.487500 ms)

AssetImportParameters requested are different than current active one (requested -> active):
  custom:video-decoder-ogg-theora: a1e56fd34408186e4bbccfd4996cb3dc -> 
  custom:container-muxer-webm: aa71ff27fc2769a1b78a27578f13a17b -> 
  custom:container-demuxer-webm: 4f35f7cbe854078d1ac9338744f61a02 -> 
  custom:video-encoder-webm-vp8: eb34c28f22e8b96e1ab97ce403110664 -> 
  custom:audio-encoder-webm-vorbis: bf7c407c2cedff20999df2af8eb42d56 -> 
  custom:framework-win-MediaFoundation: 216162199b28c13a410421893ffa2e32 -> 
  custom:container-demuxer-ogg: 62fdf1f143b41e24485cea50d1cbac27 -> 
  custom:video-decoder-webm-vp8: 9c59270c3fd7afecdb556c50c9e8de78 -> 
  custom:audio-decoder-ogg-vorbis: bf7c407c2cedff20999df2af8eb42d56 -> 
========================================================================
Received Import Request.
  Time since last request: 4145.726089 seconds.
  path: Assets/Resources/3D_Models/viva-balloon/textures/Rate_Of_ClimbMat_11.jpg
  artifactKey: Guid(a9e966b0cd2de5344a50a0b4551ca78a) Importer(815301076,1909f56bfc062723c751e8b465ee728b)
Start importing Assets/Resources/3D_Models/viva-balloon/textures/Rate_Of_ClimbMat_11.jpg using Guid(a9e966b0cd2de5344a50a0b4551ca78a) Importer(815301076,1909f56bfc062723c751e8b465ee728b)  -> (artifact id: 'e83046989eb75f7f99c98ea86a95ba1e') in 1.969440 seconds 
========================================================================
Received Import Request.
  Time since last request: 0.000110 seconds.
  path: Assets/Resources/3D_Models/viva-balloon/textures/Viva_Balloon_Colors_Mat1.jpg
  artifactKey: Guid(0c445399f7621c349b00aca5aab8be13) Importer(815301076,1909f56bfc062723c751e8b465ee728b)
Start importing Assets/Resources/3D_Models/viva-balloon/textures/Viva_Balloon_Colors_Mat1.jpg using Guid(0c445399f7621c349b00aca5aab8be13) Importer(815301076,1909f56bfc062723c751e8b465ee728b)  -> (artifact id: '09c6db9937b9e16f5b3da39634ca6b19') in 0.507422 seconds 
========================================================================
Received Prepare
Registering precompiled user dll's ...
Registered in 0.092596 seconds.
Begin MonoManager ReloadAssembly
Symbol file LoadedFromMemory is not a mono symbol file
Native extension for WindowsStandalone target not found
Native extension for Android target not found
Native extension for WebGL target not found
Refreshing native plugins compatible for Editor in 42.13 ms, found 2 plugins.
Preloading 0 native plugins for Editor in 0.00 ms.
Mono: successfully reloaded assembly
- Completed reload, in 18.586 seconds
Domain Reload Profiling:
	ReloadAssembly (18589ms)
		BeginReloadAssembly (2208ms)
			ExecutionOrderSort (0ms)
			DisableScriptedObjects (124ms)
			BackupInstance (0ms)
			ReleaseScriptingObjects (1ms)
			CreateAndSetChildDomain (555ms)
		EndReloadAssembly (14432ms)
			LoadAssemblies (1544ms)
			RebuildTransferFunctionScriptingTraits (0ms)
			SetupTypeCache (3916ms)
			ReleaseScriptCaches (17ms)
			RebuildScriptCaches (689ms)
			SetupLoadedEditorAssemblies (7887ms)
				LogAssemblyErrors (0ms)
				InitializePlatformSupportModulesInManaged (407ms)
				SetLoadedEditorAssemblies (3ms)
				RefreshPlugins (42ms)
				BeforeProcessingInitializeOnLoad (816ms)
				ProcessInitializeOnLoadAttributes (5068ms)
				ProcessInitializeOnLoadMethodAttributes (1421ms)
				AfterProcessingInitializeOnLoad (124ms)
				EditorAssembliesLoaded (6ms)
			ExecutionOrderSort2 (0ms)
			AwakeInstancesAfterBackupRestoration (60ms)
Platform modules already initialized, skipping
Refreshing native plugins compatible for Editor in 15.40 ms, found 2 plugins.
Preloading 0 native plugins for Editor in 0.00 ms.
Unloading 2997 Unused Serialized files (Serialized files now loaded: 0)
Unloading 34 unused Assets / (1.7 MB). Loaded Objects now: 3575.
Memory consumption went from 155.7 MB to 154.1 MB.
Total: 71.504700 ms (FindLiveObjects: 23.801500 ms CreateObjectMapping: 3.077300 ms MarkObjects: 41.951400 ms  DeleteObjects: 2.668900 ms)

AssetImportParameters requested are different than current active one (requested -> active):
  custom:video-decoder-ogg-theora: a1e56fd34408186e4bbccfd4996cb3dc -> 
  custom:container-muxer-webm: aa71ff27fc2769a1b78a27578f13a17b -> 
  custom:container-demuxer-webm: 4f35f7cbe854078d1ac9338744f61a02 -> 
  custom:video-encoder-webm-vp8: eb34c28f22e8b96e1ab97ce403110664 -> 
  custom:audio-encoder-webm-vorbis: bf7c407c2cedff20999df2af8eb42d56 -> 
  custom:framework-win-MediaFoundation: 216162199b28c13a410421893ffa2e32 -> 
  custom:container-demuxer-ogg: 62fdf1f143b41e24485cea50d1cbac27 -> 
  custom:video-decoder-webm-vp8: 9c59270c3fd7afecdb556c50c9e8de78 -> 
  custom:audio-decoder-ogg-vorbis: bf7c407c2cedff20999df2af8eb42d56 -> 
========================================================================
Received Import Request.
  Time since last request: 57.619286 seconds.
  path: Assets/Resources/3D_Models/viva-balloon/textures/Burner_Reflect_Mat1.jpg
  artifactKey: Guid(7e522605295e2844ab4d984e27ae2bf4) Importer(815301076,1909f56bfc062723c751e8b465ee728b)
Start importing Assets/Resources/3D_Models/viva-balloon/textures/Burner_Reflect_Mat1.jpg using Guid(7e522605295e2844ab4d984e27ae2bf4) Importer(815301076,1909f56bfc062723c751e8b465ee728b)  -> (artifact id: 'f711fb7a0d82c017f4e95600470146ee') in 17.067250 seconds 
========================================================================
Received Import Request.
  Time since last request: 0.000174 seconds.
  path: Assets/Resources/3D_Models/viva-balloon/textures/RED.jpg
  artifactKey: Guid(ecaac4fba50342d4480b78a37b59b7ad) Importer(815301076,1909f56bfc062723c751e8b465ee728b)
Start importing Assets/Resources/3D_Models/viva-balloon/textures/RED.jpg using Guid(ecaac4fba50342d4480b78a37b59b7ad) Importer(815301076,1909f56bfc062723c751e8b465ee728b)  -> (artifact id: '459791988e915cfbf23a56d844aba234') in 0.121011 seconds 
========================================================================
Received Import Request.
  Time since last request: 0.002713 seconds.
  path: Assets/Resources/3D_Models/viva-balloon/textures/Mouth_Mat2.jpg
  artifactKey: Guid(1a03643b130579f4581686ef0f18d4c0) Importer(815301076,1909f56bfc062723c751e8b465ee728b)
Start importing Assets/Resources/3D_Models/viva-balloon/textures/Mouth_Mat2.jpg using Guid(1a03643b130579f4581686ef0f18d4c0) Importer(815301076,1909f56bfc062723c751e8b465ee728b)  -> (artifact id: 'a0da27f6efd802549223f045986ecc95') in 0.382590 seconds 
========================================================================
Received Import Request.
  Time since last request: 0.001093 seconds.
  path: Assets/Resources/3D_Models/viva-balloon/textures/SteelCables36_40_41_42.jpg
  artifactKey: Guid(848c44d5158c0304396a7d975092b4da) Importer(815301076,1909f56bfc062723c751e8b465ee728b)
Start importing Assets/Resources/3D_Models/viva-balloon/textures/SteelCables36_40_41_42.jpg using Guid(848c44d5158c0304396a7d975092b4da) Importer(815301076,1909f56bfc062723c751e8b465ee728b)  -> (artifact id: '99927e032adb6dd824400ccf7bfd719b') in 1.632549 seconds 
========================================================================
Received Import Request.
  Time since last request: 0.000936 seconds.
  path: Assets/Resources/3D_Models/viva-balloon/textures/Wicker_Mat4.jpg
  artifactKey: Guid(85a974fe462d56a4684fa99b1bda5da2) Importer(815301076,1909f56bfc062723c751e8b465ee728b)
Start importing Assets/Resources/3D_Models/viva-balloon/textures/Wicker_Mat4.jpg using Guid(85a974fe462d56a4684fa99b1bda5da2) Importer(815301076,1909f56bfc062723c751e8b465ee728b)  -> (artifact id: 'da2c98772b41b71a007ce7b1dfd8ca18') in 1.065274 seconds 
========================================================================
Received Import Request.
  Time since last request: 0.000729 seconds.
  path: Assets/Resources/3D_Models/viva-balloon/textures/balenv_blue.jpg
  artifactKey: Guid(54cbd29d9c3a36346ba253d073e0dfa9) Importer(815301076,1909f56bfc062723c751e8b465ee728b)
Start importing Assets/Resources/3D_Models/viva-balloon/textures/balenv_blue.jpg using Guid(54cbd29d9c3a36346ba253d073e0dfa9) Importer(815301076,1909f56bfc062723c751e8b465ee728b)  -> (artifact id: '670adba216c5f1f407fe6fdf2da151d7') in 0.866900 seconds 
========================================================================
Received Import Request.
  Time since last request: 0.000157 seconds.
  path: Assets/Resources/3D_Models/viva-balloon/textures/Mat25.jpg
  artifactKey: Guid(c1b7f601f292dd249bd4e9a6c659d032) Importer(815301076,1909f56bfc062723c751e8b465ee728b)
Start importing Assets/Resources/3D_Models/viva-balloon/textures/Mat25.jpg using Guid(c1b7f601f292dd249bd4e9a6c659d032) Importer(815301076,1909f56bfc062723c751e8b465ee728b)  -> (artifact id: '041b5e2ae630ba649ba82f1b33891f28') in 0.219959 seconds 
========================================================================
Received Import Request.
  Time since last request: 0.000105 seconds.
  path: Assets/Resources/3D_Models/viva-balloon/textures/PropaneSilver4_tanksMat_8.jpg
  artifactKey: Guid(10c4110aa4fb510408b1460a3469f859) Importer(815301076,1909f56bfc062723c751e8b465ee728b)
Start importing Assets/Resources/3D_Models/viva-balloon/textures/PropaneSilver4_tanksMat_8.jpg using Guid(10c4110aa4fb510408b1460a3469f859) Importer(815301076,1909f56bfc062723c751e8b465ee728b)  -> (artifact id: '101710464004cbe51254cd348efb687a') in 0.140128 seconds 
========================================================================
Received Import Request.
  Time since last request: 0.000121 seconds.
  path: Assets/Resources/3D_Models/viva-balloon/textures/Registration_Mat_14.jpg
  artifactKey: Guid(99a0a6cdbf71ea74f88f377498feb441) Importer(815301076,1909f56bfc062723c751e8b465ee728b)
Start importing Assets/Resources/3D_Models/viva-balloon/textures/Registration_Mat_14.jpg using Guid(99a0a6cdbf71ea74f88f377498feb441) Importer(815301076,1909f56bfc062723c751e8b465ee728b)  -> (artifact id: '68f0143b9c37406b3994cf76d5bc587f') in 1.673683 seconds 
========================================================================
Received Import Request.
  Time since last request: 0.000122 seconds.
  path: Assets/Resources/3D_Models/viva-balloon/textures/Railing_Leather_Mat_7.jpg
  artifactKey: Guid(5b5d9d560ecbee747a12fbd587cd4b9e) Importer(815301076,1909f56bfc062723c751e8b465ee728b)
Start importing Assets/Resources/3D_Models/viva-balloon/textures/Railing_Leather_Mat_7.jpg using Guid(5b5d9d560ecbee747a12fbd587cd4b9e) Importer(815301076,1909f56bfc062723c751e8b465ee728b)  -> (artifact id: 'be4e5e7af9d7f070885ce87bb8fc6a89') in 0.629797 seconds 
========================================================================
Received Import Request.
  Time since last request: 0.000294 seconds.
  path: Assets/Resources/3D_Models/viva-balloon/textures/Wood_Bottom_Mat3.jpg
  artifactKey: Guid(c3185dc25c58f4a4b9f9e3ad1750ba48) Importer(815301076,1909f56bfc062723c751e8b465ee728b)
Start importing Assets/Resources/3D_Models/viva-balloon/textures/Wood_Bottom_Mat3.jpg using Guid(c3185dc25c58f4a4b9f9e3ad1750ba48) Importer(815301076,1909f56bfc062723c751e8b465ee728b)  -> (artifact id: 'e58a0a6572d92819de4227b22d0c8f0e') in 2.152633 seconds 
========================================================================
Received Import Request.
  Time since last request: 0.003789 seconds.
  path: Assets/Resources/3D_Models/viva-balloon/textures/Heat_Gauge_Mat12.jpg
  artifactKey: Guid(983795f3f11d8db4f8f024f2f6ba0c67) Importer(815301076,1909f56bfc062723c751e8b465ee728b)
Start importing Assets/Resources/3D_Models/viva-balloon/textures/Heat_Gauge_Mat12.jpg using Guid(983795f3f11d8db4f8f024f2f6ba0c67) Importer(815301076,1909f56bfc062723c751e8b465ee728b)  -> (artifact id: '9ad9fb6a15accbb184c766d223fd12c0') in 0.720468 seconds 
========================================================================
Received Import Request.
  Time since last request: 0.009607 seconds.
  path: Assets/Resources/3D_Models/viva-balloon/textures/AltimeterMaterial10.jpg
  artifactKey: Guid(4d8bbc86f48d09747aa02e29621e5619) Importer(815301076,1909f56bfc062723c751e8b465ee728b)
Start importing Assets/Resources/3D_Models/viva-balloon/textures/AltimeterMaterial10.jpg using Guid(4d8bbc86f48d09747aa02e29621e5619) Importer(815301076,1909f56bfc062723c751e8b465ee728b)  -> (artifact id: '659ca9148025dea73e05fa80b19e4667') in 1.442589 seconds 
========================================================================
Received Import Request.
  Time since last request: 0.001022 seconds.
  path: Assets/Resources/3D_Models/viva-balloon/textures/inst_wood_Mat9.jpg
  artifactKey: Guid(22c0ef7d92f4dbc4ea6145856ce8a6e1) Importer(815301076,1909f56bfc062723c751e8b465ee728b)
Start importing Assets/Resources/3D_Models/viva-balloon/textures/inst_wood_Mat9.jpg using Guid(22c0ef7d92f4dbc4ea6145856ce8a6e1) Importer(815301076,1909f56bfc062723c751e8b465ee728b)  -> (artifact id: 'd204da4cb85dbfc1eececa4281078c47') in 0.884010 seconds 
========================================================================
Received Import Request.
  Time since last request: 0.001098 seconds.
  path: Assets/Resources/3D_Models/viva-balloon/textures/Scoop_FabricMat_17.jpg
  artifactKey: Guid(0de565e4efdf7e443bad48bd0bf85aa9) Importer(815301076,1909f56bfc062723c751e8b465ee728b)
Start importing Assets/Resources/3D_Models/viva-balloon/textures/Scoop_FabricMat_17.jpg using Guid(0de565e4efdf7e443bad48bd0bf85aa9) Importer(815301076,1909f56bfc062723c751e8b465ee728b)  -> (artifact id: 'ed1e06900f1f22ae6a9f08dcf4e1dad9') in 1.391990 seconds 
========================================================================
Received Import Request.
  Time since last request: 0.000085 seconds.
  path: Assets/Resources/3D_Models/viva-balloon/textures/light_brown_leatherMat13.jpg
  artifactKey: Guid(d03bf5103105ab347b448a1cd21ccfeb) Importer(815301076,1909f56bfc062723c751e8b465ee728b)
Start importing Assets/Resources/3D_Models/viva-balloon/textures/light_brown_leatherMat13.jpg using Guid(d03bf5103105ab347b448a1cd21ccfeb) Importer(815301076,1909f56bfc062723c751e8b465ee728b)  -> (artifact id: 'b89dd3c72a15c7cb3fa5f6ed96f9959f') in 0.220894 seconds 
========================================================================
Received Import Request.
  Time since last request: 147.831632 seconds.
  path: Assets/Resources/3D_Models/viva-balloon/textures/1.mat
  artifactKey: Guid(7096cb5b7b641444190e2455364afe5f) Importer(815301076,1909f56bfc062723c751e8b465ee728b)
Start importing Assets/Resources/3D_Models/viva-balloon/textures/1.mat using Guid(7096cb5b7b641444190e2455364afe5f) Importer(815301076,1909f56bfc062723c751e8b465ee728b)  -> (artifact id: '124f9e1de362772ee48cf6aff51765f6') in 0.257696 seconds 
